
  .   ____          _            __ _ _
 /\\ / ___'_ __ _ _(_)_ __  __ _ \ \ \ \
( ( )\___ | '_ | '_| | '_ \/ _` | \ \ \ \
 \\/  ___)| |_)| | | | | || (_| |  ) ) ) )
  '  |____| .__|_| |_|_| |_\__, | / / / /
 =========|_|==============|___/=/_/_/_/

 :: Spring Boot ::                (v3.3.4)

2025-09-10T11:42:02.510+09:00  INFO 59276 --- [           main] kr.goodee.StswebjpaApplication           : Starting StswebjpaApplication v0.0.1-SNAPSHOT using Java 17.0.16 with PID 59276 (/home/ntx/stswebjpa/target/stswebjpa-0.0.1-SNAPSHOT.jar started by root in /home/ntx)
2025-09-10T11:42:02.513+09:00  INFO 59276 --- [           main] kr.goodee.StswebjpaApplication           : No active profile set, falling back to 1 default profile: "default"
2025-09-10T11:42:03.265+09:00  INFO 59276 --- [           main] .s.d.r.c.RepositoryConfigurationDelegate : Bootstrapping Spring Data JPA repositories in DEFAULT mode.
2025-09-10T11:42:03.333+09:00  INFO 59276 --- [           main] .s.d.r.c.RepositoryConfigurationDelegate : Finished Spring Data repository scanning in 55 ms. Found 1 JPA repository interface.
2025-09-10T11:42:03.895+09:00  INFO 59276 --- [           main] o.s.b.w.embedded.tomcat.TomcatWebServer  : Tomcat initialized with port 80 (http)
2025-09-10T11:42:03.910+09:00  INFO 59276 --- [           main] o.apache.catalina.core.StandardService   : Starting service [Tomcat]
2025-09-10T11:42:03.910+09:00  INFO 59276 --- [           main] o.apache.catalina.core.StandardEngine    : Starting Servlet engine: [Apache Tomcat/10.1.30]
2025-09-10T11:42:03.949+09:00  INFO 59276 --- [           main] o.a.c.c.C.[Tomcat].[localhost].[/]       : Initializing Spring embedded WebApplicationContext
2025-09-10T11:42:03.951+09:00  INFO 59276 --- [           main] w.s.c.ServletWebServerApplicationContext : Root WebApplicationContext: initialization completed in 1372 ms
2025-09-10T11:42:04.095+09:00  INFO 59276 --- [           main] o.hibernate.jpa.internal.util.LogHelper  : HHH000204: Processing PersistenceUnitInfo [name: default]
2025-09-10T11:42:04.161+09:00  INFO 59276 --- [           main] org.hibernate.Version                    : HHH000412: Hibernate ORM core version 6.5.3.Final
2025-09-10T11:42:04.200+09:00  INFO 59276 --- [           main] o.h.c.internal.RegionFactoryInitiator    : HHH000026: Second-level cache disabled
2025-09-10T11:42:04.516+09:00  INFO 59276 --- [           main] o.s.o.j.p.SpringPersistenceUnitInfo      : No LoadTimeWeaver setup: ignoring JPA class transformer
2025-09-10T11:42:04.543+09:00  INFO 59276 --- [           main] com.zaxxer.hikari.HikariDataSource       : HikariPool-1 - Starting...
2025-09-10T11:42:04.667+09:00  INFO 59276 --- [           main] com.zaxxer.hikari.pool.HikariPool        : HikariPool-1 - Added connection org.mariadb.jdbc.Connection@4bce62b
2025-09-10T11:42:04.668+09:00  INFO 59276 --- [           main] com.zaxxer.hikari.HikariDataSource       : HikariPool-1 - Start completed.
2025-09-10T11:42:05.355+09:00  INFO 59276 --- [           main] o.h.e.t.j.p.i.JtaPlatformInitiator       : HHH000489: No JTA platform available (set 'hibernate.transaction.jta.platform' to enable JTA platform integration)
2025-09-10T11:42:05.385+09:00  INFO 59276 --- [           main] j.LocalContainerEntityManagerFactoryBean : Initialized JPA EntityManagerFactory for persistence unit 'default'
2025-09-10T11:42:05.712+09:00  WARN 59276 --- [           main] JpaBaseConfiguration$JpaWebConfiguration : spring.jpa.open-in-view is enabled by default. Therefore, database queries may be performed during view rendering. Explicitly configure spring.jpa.open-in-view to disable this warning
2025-09-10T11:42:06.075+09:00  INFO 59276 --- [           main] o.s.b.w.embedded.tomcat.TomcatWebServer  : Tomcat started on port 80 (http) with context path '/'
2025-09-10T11:42:06.098+09:00  INFO 59276 --- [           main] kr.goodee.StswebjpaApplication           : Started StswebjpaApplication in 4.072 seconds (process running for 4.817)
